<?xml version="1.0" encoding="UTF-8"?>
<testng-results ignored="0" total="3" passed="3" failed="0" skipped="0">
  <reporter-output>
  </reporter-output>
  <suite started-at="2022-05-21T08:07:18 IST" name="Suite" finished-at="2022-05-21T08:08:09 IST" duration-ms="51185">
    <groups>
    </groups>
    <test started-at="2022-05-21T08:07:18 IST" name="Test" finished-at="2022-05-21T08:08:09 IST" duration-ms="51185">
      <class name="scripts.Testcase3">
        <test-method is-config="true" signature="OpenApp()[pri:0, instance:scripts.Testcase3@654f0d9c]" started-at="2022-05-21T08:07:18 IST" name="OpenApp" finished-at="2022-05-21T08:07:25 IST" duration-ms="6800" status="PASS">
          <reporter-output>
          </reporter-output>
        </test-method> <!-- OpenApp -->
        <test-method signature="tc3()[pri:0, instance:scripts.Testcase3@654f0d9c]" started-at="2022-05-21T08:07:25 IST" name="tc3" finished-at="2022-05-21T08:07:40 IST" duration-ms="15241" status="PASS">
          <reporter-output>
          </reporter-output>
        </test-method> <!-- tc3 -->
        <test-method is-config="true" signature="closeApp(org.testng.ITestResult)[pri:0, instance:scripts.Testcase3@654f0d9c]" started-at="2022-05-21T08:07:40 IST" name="closeApp" finished-at="2022-05-21T08:07:42 IST" duration-ms="1848" status="PASS">
          <params>
            <param index="0">
              <value>
                <![CDATA[[TestResult name=tc3 status=SUCCESS method=Testcase3.tc3()[pri:0, instance:scripts.Testcase3@654f0d9c] output={null}]]]>
              </value>
            </param>
          </params>
          <reporter-output>
          </reporter-output>
        </test-method> <!-- closeApp -->
      </class> <!-- scripts.Testcase3 -->
      <class name="scripts.Testcase2">
        <test-method is-config="true" signature="OpenApp()[pri:0, instance:scripts.Testcase2@1ea9f6af]" started-at="2022-05-21T08:07:42 IST" name="OpenApp" finished-at="2022-05-21T08:07:47 IST" duration-ms="5199" status="PASS">
          <reporter-output>
          </reporter-output>
        </test-method> <!-- OpenApp -->
        <test-method signature="tc2()[pri:0, instance:scripts.Testcase2@1ea9f6af]" started-at="2022-05-21T08:07:47 IST" name="tc2" finished-at="2022-05-21T08:07:57 IST" duration-ms="10480" status="PASS">
          <reporter-output>
          </reporter-output>
        </test-method> <!-- tc2 -->
        <test-method is-config="true" signature="closeApp(org.testng.ITestResult)[pri:0, instance:scripts.Testcase2@1ea9f6af]" started-at="2022-05-21T08:07:57 IST" name="closeApp" finished-at="2022-05-21T08:07:58 IST" duration-ms="987" status="PASS">
          <params>
            <param index="0">
              <value>
                <![CDATA[[TestResult name=tc2 status=SUCCESS method=Testcase2.tc2()[pri:0, instance:scripts.Testcase2@1ea9f6af] output={null}]]]>
              </value>
            </param>
          </params>
          <reporter-output>
          </reporter-output>
        </test-method> <!-- closeApp -->
      </class> <!-- scripts.Testcase2 -->
      <class name="scripts.Testcase1">
        <test-method is-config="true" signature="OpenApp()[pri:0, instance:scripts.Testcase1@6a192cfe]" started-at="2022-05-21T08:07:58 IST" name="OpenApp" finished-at="2022-05-21T08:08:04 IST" duration-ms="5396" status="PASS">
          <reporter-output>
          </reporter-output>
        </test-method> <!-- OpenApp -->
        <test-method signature="tc1()[pri:0, instance:scripts.Testcase1@6a192cfe]" started-at="2022-05-21T08:08:04 IST" name="tc1" finished-at="2022-05-21T08:08:08 IST" duration-ms="4236" status="PASS">
          <reporter-output>
          </reporter-output>
        </test-method> <!-- tc1 -->
        <test-method is-config="true" signature="closeApp(org.testng.ITestResult)[pri:0, instance:scripts.Testcase1@6a192cfe]" started-at="2022-05-21T08:08:08 IST" name="closeApp" finished-at="2022-05-21T08:08:09 IST" duration-ms="910" status="PASS">
          <params>
            <param index="0">
              <value>
                <![CDATA[[TestResult name=tc1 status=SUCCESS method=Testcase1.tc1()[pri:0, instance:scripts.Testcase1@6a192cfe] output={null}]]]>
              </value>
            </param>
          </params>
          <reporter-output>
          </reporter-output>
        </test-method> <!-- closeApp -->
      </class> <!-- scripts.Testcase1 -->
    </test> <!-- Test -->
  </suite> <!-- Suite -->
</testng-results>
