<?xml version="1.0" encoding="UTF-8"?>
<testng-results ignored="0" total="3" passed="3" failed="0" skipped="0">
  <reporter-output>
  </reporter-output>
  <suite started-at="2022-05-22T19:21:39 IST" name="Suite" finished-at="2022-05-22T19:22:35 IST" duration-ms="55843">
    <groups>
    </groups>
    <test started-at="2022-05-22T19:21:39 IST" name="Test" finished-at="2022-05-22T19:22:35 IST" duration-ms="55843">
      <class name="scripts.Testcase3">
        <test-method is-config="true" signature="OpenApp()[pri:0, instance:scripts.Testcase3@654f0d9c]" started-at="2022-05-22T19:21:39 IST" name="OpenApp" finished-at="2022-05-22T19:21:52 IST" duration-ms="13101" status="PASS">
          <reporter-output>
          </reporter-output>
        </test-method> <!-- OpenApp -->
        <test-method signature="tc3()[pri:0, instance:scripts.Testcase3@654f0d9c]" started-at="2022-05-22T19:21:52 IST" name="tc3" finished-at="2022-05-22T19:22:07 IST" duration-ms="15507" status="PASS">
          <reporter-output>
          </reporter-output>
        </test-method> <!-- tc3 -->
        <test-method is-config="true" signature="closeApp(org.testng.ITestResult)[pri:0, instance:scripts.Testcase3@654f0d9c]" started-at="2022-05-22T19:22:07 IST" name="closeApp" finished-at="2022-05-22T19:22:08 IST" duration-ms="1005" status="PASS">
          <params>
            <param index="0">
              <value>
                <![CDATA[[TestResult name=tc3 status=SUCCESS method=Testcase3.tc3()[pri:0, instance:scripts.Testcase3@654f0d9c] output={null}]]]>
              </value>
            </param>
          </params>
          <reporter-output>
          </reporter-output>
        </test-method> <!-- closeApp -->
      </class> <!-- scripts.Testcase3 -->
      <class name="scripts.Testcase2">
        <test-method is-config="true" signature="OpenApp()[pri:0, instance:scripts.Testcase2@1ea9f6af]" started-at="2022-05-22T19:22:08 IST" name="OpenApp" finished-at="2022-05-22T19:22:13 IST" duration-ms="5044" status="PASS">
          <reporter-output>
          </reporter-output>
        </test-method> <!-- OpenApp -->
        <test-method signature="tc2()[pri:0, instance:scripts.Testcase2@1ea9f6af]" started-at="2022-05-22T19:22:13 IST" name="tc2" finished-at="2022-05-22T19:22:24 IST" duration-ms="10614" status="PASS">
          <reporter-output>
          </reporter-output>
        </test-method> <!-- tc2 -->
        <test-method is-config="true" signature="closeApp(org.testng.ITestResult)[pri:0, instance:scripts.Testcase2@1ea9f6af]" started-at="2022-05-22T19:22:24 IST" name="closeApp" finished-at="2022-05-22T19:22:25 IST" duration-ms="891" status="PASS">
          <params>
            <param index="0">
              <value>
                <![CDATA[[TestResult name=tc2 status=SUCCESS method=Testcase2.tc2()[pri:0, instance:scripts.Testcase2@1ea9f6af] output={null}]]]>
              </value>
            </param>
          </params>
          <reporter-output>
          </reporter-output>
        </test-method> <!-- closeApp -->
      </class> <!-- scripts.Testcase2 -->
      <class name="scripts.Testcase1">
        <test-method is-config="true" signature="OpenApp()[pri:0, instance:scripts.Testcase1@6a192cfe]" started-at="2022-05-22T19:22:25 IST" name="OpenApp" finished-at="2022-05-22T19:22:30 IST" duration-ms="5188" status="PASS">
          <reporter-output>
          </reporter-output>
        </test-method> <!-- OpenApp -->
        <test-method signature="tc1()[pri:0, instance:scripts.Testcase1@6a192cfe]" started-at="2022-05-22T19:22:30 IST" name="tc1" finished-at="2022-05-22T19:22:34 IST" duration-ms="3657" status="PASS">
          <reporter-output>
          </reporter-output>
        </test-method> <!-- tc1 -->
        <test-method is-config="true" signature="closeApp(org.testng.ITestResult)[pri:0, instance:scripts.Testcase1@6a192cfe]" started-at="2022-05-22T19:22:34 IST" name="closeApp" finished-at="2022-05-22T19:22:35 IST" duration-ms="765" status="PASS">
          <params>
            <param index="0">
              <value>
                <![CDATA[[TestResult name=tc1 status=SUCCESS method=Testcase1.tc1()[pri:0, instance:scripts.Testcase1@6a192cfe] output={null}]]]>
              </value>
            </param>
          </params>
          <reporter-output>
          </reporter-output>
        </test-method> <!-- closeApp -->
      </class> <!-- scripts.Testcase1 -->
    </test> <!-- Test -->
  </suite> <!-- Suite -->
</testng-results>
